  [1m[35m (0.1ms)[0m  [1m[34mSELECT sqlite_version(*)[0m
  [1m[35m (6.4ms)[0m  [1m[35mCREATE TABLE "schema_migrations" ("version" varchar NOT NULL PRIMARY KEY)[0m
  [1m[35m (6.1ms)[0m  [1m[35mCREATE TABLE "ar_internal_metadata" ("key" varchar NOT NULL PRIMARY KEY, "value" varchar, "created_at" datetime NOT NULL, "updated_at" datetime NOT NULL)[0m
  [1m[35m (1.9ms)[0m  [1m[34mSELECT "schema_migrations"."version" FROM "schema_migrations" ORDER BY "schema_migrations"."version" ASC[0m
Migrating to DeviseCreateUsers (20180510032218)
  [1m[35m (0.1ms)[0m  [1m[36mbegin transaction[0m
  [1m[35m (5.1ms)[0m  [1m[35mCREATE TABLE "users" ("id" INTEGER PRIMARY KEY AUTOINCREMENT NOT NULL, "email" varchar DEFAULT '' NOT NULL, "encrypted_password" varchar DEFAULT '' NOT NULL, "reset_password_token" varchar, "reset_password_sent_at" datetime, "remember_created_at" datetime, "sign_in_count" integer DEFAULT 0 NOT NULL, "current_sign_in_at" datetime, "last_sign_in_at" datetime, "current_sign_in_ip" varchar, "last_sign_in_ip" varchar, "name_char" varchar, "name_kana" varchar, "post" varchar, "address" varchar, "tell" varchar, "frag" boolean, "created_at" datetime NOT NULL, "updated_at" datetime NOT NULL)[0m
  [1m[35m (0.2ms)[0m  [1m[35mCREATE UNIQUE INDEX "index_users_on_email" ON "users" ("email")[0m
  [1m[35m (0.1ms)[0m  [1m[34m            SELECT sql
            FROM sqlite_master
            WHERE name='index_users_on_email' AND type='index'
            UNION ALL
            SELECT sql
            FROM sqlite_temp_master
            WHERE name='index_users_on_email' AND type='index'
[0m
  [1m[35m (0.1ms)[0m  [1m[35mCREATE UNIQUE INDEX "index_users_on_reset_password_token" ON "users" ("reset_password_token")[0m
  [1m[35mSQL (1.1ms)[0m  [1m[32mINSERT INTO "schema_migrations" ("version") VALUES (?)[0m  [["version", "20180510032218"]]
  [1m[35m (4.8ms)[0m  [1m[36mcommit transaction[0m
Migrating to DeviseCreateAdmins (20180510032231)
  [1m[35m (0.1ms)[0m  [1m[36mbegin transaction[0m
  [1m[35m (4.9ms)[0m  [1m[35mCREATE TABLE "admins" ("id" INTEGER PRIMARY KEY AUTOINCREMENT NOT NULL, "email" varchar DEFAULT '' NOT NULL, "encrypted_password" varchar DEFAULT '' NOT NULL, "reset_password_token" varchar, "reset_password_sent_at" datetime, "remember_created_at" datetime, "sign_in_count" integer DEFAULT 0 NOT NULL, "current_sign_in_at" datetime, "last_sign_in_at" datetime, "current_sign_in_ip" varchar, "last_sign_in_ip" varchar, "created_at" datetime NOT NULL, "updated_at" datetime NOT NULL)[0m
  [1m[35m (0.4ms)[0m  [1m[35mCREATE UNIQUE INDEX "index_admins_on_email" ON "admins" ("email")[0m
  [1m[35m (0.1ms)[0m  [1m[34m            SELECT sql
            FROM sqlite_master
            WHERE name='index_admins_on_email' AND type='index'
            UNION ALL
            SELECT sql
            FROM sqlite_temp_master
            WHERE name='index_admins_on_email' AND type='index'
[0m
  [1m[35m (0.2ms)[0m  [1m[35mCREATE UNIQUE INDEX "index_admins_on_reset_password_token" ON "admins" ("reset_password_token")[0m
  [1m[35mSQL (1.2ms)[0m  [1m[32mINSERT INTO "schema_migrations" ("version") VALUES (?)[0m  [["version", "20180510032231"]]
  [1m[35m (4.4ms)[0m  [1m[36mcommit transaction[0m
Migrating to CreateCarts (20180510032708)
  [1m[35m (0.1ms)[0m  [1m[36mbegin transaction[0m
  [1m[35m (7.8ms)[0m  [1m[35mCREATE TABLE "carts" ("id" INTEGER PRIMARY KEY AUTOINCREMENT NOT NULL, "user_id" integer, "uitem_id" integer, "count" integer, "created_at" datetime NOT NULL, "updated_at" datetime NOT NULL)[0m
  [1m[35mSQL (1.7ms)[0m  [1m[32mINSERT INTO "schema_migrations" ("version") VALUES (?)[0m  [["version", "20180510032708"]]
  [1m[35m (4.9ms)[0m  [1m[36mcommit transaction[0m
Migrating to CreateHistoryItems (20180510032722)
  [1m[35m (0.1ms)[0m  [1m[36mbegin transaction[0m
  [1m[35m (7.8ms)[0m  [1m[35mCREATE TABLE "history_items" ("id" INTEGER PRIMARY KEY AUTOINCREMENT NOT NULL, "history_id" integer, "item_id" integer, "cart_count" integer, "cart_price" integer, "created_at" datetime NOT NULL, "updated_at" datetime NOT NULL)[0m
  [1m[35mSQL (1.0ms)[0m  [1m[32mINSERT INTO "schema_migrations" ("version") VALUES (?)[0m  [["version", "20180510032722"]]
  [1m[35m (4.3ms)[0m  [1m[36mcommit transaction[0m
Migrating to CreateHistories (20180510032728)
  [1m[35m (0.1ms)[0m  [1m[36mbegin transaction[0m
  [1m[35m (5.7ms)[0m  [1m[35mCREATE TABLE "histories" ("id" INTEGER PRIMARY KEY AUTOINCREMENT NOT NULL, "user_id" integer, "status" integer, "sum" integer, "user_address" text, "user_post" varchar, "created_at" datetime NOT NULL, "updated_at" datetime NOT NULL)[0m
  [1m[35mSQL (1.5ms)[0m  [1m[32mINSERT INTO "schema_migrations" ("version") VALUES (?)[0m  [["version", "20180510032728"]]
  [1m[35m (3.8ms)[0m  [1m[36mcommit transaction[0m
Migrating to CreateItems (20180510032745)
  [1m[35m (0.1ms)[0m  [1m[36mbegin transaction[0m
  [1m[35m (8.5ms)[0m  [1m[35mCREATE TABLE "items" ("id" INTEGER PRIMARY KEY AUTOINCREMENT NOT NULL, "price" integer, "count" integer, "cd_number" integer, "name" varchar, "artist_name" varchar, "label_name" varchar, "image_id" text, "frag" boolean, "created_at" datetime NOT NULL, "updated_at" datetime NOT NULL)[0m
  [1m[35mSQL (1.2ms)[0m  [1m[32mINSERT INTO "schema_migrations" ("version") VALUES (?)[0m  [["version", "20180510032745"]]
  [1m[35m (3.9ms)[0m  [1m[36mcommit transaction[0m
Migrating to CreateCds (20180510032752)
  [1m[35m (0.1ms)[0m  [1m[36mbegin transaction[0m
  [1m[35m (6.9ms)[0m  [1m[35mCREATE TABLE "cds" ("id" INTEGER PRIMARY KEY AUTOINCREMENT NOT NULL, "song_number" integer, "item_id" integer, "name" varchar, "created_at" datetime NOT NULL, "updated_at" datetime NOT NULL)[0m
  [1m[35mSQL (2.2ms)[0m  [1m[32mINSERT INTO "schema_migrations" ("version") VALUES (?)[0m  [["version", "20180510032752"]]
  [1m[35m (5.5ms)[0m  [1m[36mcommit transaction[0m
Migrating to CreateSongs (20180510032757)
  [1m[35m (0.1ms)[0m  [1m[36mbegin transaction[0m
  [1m[35m (5.5ms)[0m  [1m[35mCREATE TABLE "songs" ("id" INTEGER PRIMARY KEY AUTOINCREMENT NOT NULL, "cd_id" integer, "time" varchar, "name" varchar, "artist_name" varchar, "created_at" datetime NOT NULL, "updated_at" datetime NOT NULL)[0m
  [1m[35mSQL (1.5ms)[0m  [1m[32mINSERT INTO "schema_migrations" ("version") VALUES (?)[0m  [["version", "20180510032757"]]
  [1m[35m (4.6ms)[0m  [1m[36mcommit transaction[0m
Migrating to CreateGenres (20180510032805)
  [1m[35m (0.1ms)[0m  [1m[36mbegin transaction[0m
  [1m[35m (5.6ms)[0m  [1m[35mCREATE TABLE "genres" ("id" INTEGER PRIMARY KEY AUTOINCREMENT NOT NULL, "name" varchar, "created_at" datetime NOT NULL, "updated_at" datetime NOT NULL)[0m
  [1m[35mSQL (1.7ms)[0m  [1m[32mINSERT INTO "schema_migrations" ("version") VALUES (?)[0m  [["version", "20180510032805"]]
  [1m[35m (6.1ms)[0m  [1m[36mcommit transaction[0m
Migrating to CreateItemsGenres (20180510032825)
  [1m[35m (0.1ms)[0m  [1m[36mbegin transaction[0m
  [1m[35m (5.4ms)[0m  [1m[35mCREATE TABLE "items_genres" ("id" INTEGER PRIMARY KEY AUTOINCREMENT NOT NULL, "item_id" integer, "genre_id" integer, "created_at" datetime NOT NULL, "updated_at" datetime NOT NULL)[0m
  [1m[35mSQL (1.6ms)[0m  [1m[32mINSERT INTO "schema_migrations" ("version") VALUES (?)[0m  [["version", "20180510032825"]]
  [1m[35m (5.8ms)[0m  [1m[36mcommit transaction[0m
  [1m[36mActiveRecord::InternalMetadata Load (2.4ms)[0m  [1m[34mSELECT  "ar_internal_metadata".* FROM "ar_internal_metadata" WHERE "ar_internal_metadata"."key" = ? LIMIT ?[0m  [["key", "environment"], ["LIMIT", 1]]
  [1m[35m (0.1ms)[0m  [1m[36mbegin transaction[0m
  [1m[35mSQL (5.5ms)[0m  [1m[32mINSERT INTO "ar_internal_metadata" ("key", "value", "created_at", "updated_at") VALUES (?, ?, ?, ?)[0m  [["key", "environment"], ["value", "development"], ["created_at", "2018-06-03 12:03:55.667717"], ["updated_at", "2018-06-03 12:03:55.667717"]]
  [1m[35m (3.4ms)[0m  [1m[36mcommit transaction[0m
  [1m[35m (2.2ms)[0m  [1m[34mSELECT "schema_migrations"."version" FROM "schema_migrations" ORDER BY "schema_migrations"."version" ASC[0m
  [1m[35m (1.3ms)[0m  [1m[34m            SELECT sql
            FROM sqlite_master
            WHERE name='index_admins_on_reset_password_token' AND type='index'
            UNION ALL
            SELECT sql
            FROM sqlite_temp_master
            WHERE name='index_admins_on_reset_password_token' AND type='index'
[0m
  [1m[35m (1.4ms)[0m  [1m[34m            SELECT sql
            FROM sqlite_master
            WHERE name='index_admins_on_email' AND type='index'
            UNION ALL
            SELECT sql
            FROM sqlite_temp_master
            WHERE name='index_admins_on_email' AND type='index'
[0m
  [1m[35m (1.1ms)[0m  [1m[34m            SELECT sql
            FROM sqlite_master
            WHERE name='index_users_on_reset_password_token' AND type='index'
            UNION ALL
            SELECT sql
            FROM sqlite_temp_master
            WHERE name='index_users_on_reset_password_token' AND type='index'
[0m
  [1m[35m (1.3ms)[0m  [1m[34m            SELECT sql
            FROM sqlite_master
            WHERE name='index_users_on_email' AND type='index'
            UNION ALL
            SELECT sql
            FROM sqlite_temp_master
            WHERE name='index_users_on_email' AND type='index'
[0m
Started GET "/" for 10.0.2.2 at 2018-06-03 12:04:14 +0000
Cannot render console from 10.0.2.2! Allowed networks: 127.0.0.1, ::1, 127.0.0.0/127.255.255.255
  [1m[35m (2.7ms)[0m  [1m[34mSELECT "schema_migrations"."version" FROM "schema_migrations" ORDER BY "schema_migrations"."version" ASC[0m
Processing by ItemsController#top as HTML
  Rendering items/top.html.erb within layouts/application
  Rendered items/top.html.erb within layouts/application (8.8ms)
Completed 200 OK in 2447ms (Views: 2414.5ms | ActiveRecord: 0.0ms)


Started GET "/users/sign_in" for 10.0.2.2 at 2018-06-03 12:04:20 +0000
Cannot render console from 10.0.2.2! Allowed networks: 127.0.0.1, ::1, 127.0.0.0/127.255.255.255
Processing by Users::SessionsController#new as HTML
  Rendering users/sessions/new.html.erb within layouts/application
  Rendered users/shared/_links.html.erb (2.0ms)
  Rendered users/sessions/new.html.erb within layouts/application (150.2ms)
Completed 200 OK in 596ms (Views: 545.5ms | ActiveRecord: 8.8ms)


Started GET "/users/sign_up" for 10.0.2.2 at 2018-06-03 12:04:23 +0000
Cannot render console from 10.0.2.2! Allowed networks: 127.0.0.1, ::1, 127.0.0.0/127.255.255.255
Processing by Users::RegistrationsController#new as HTML
  Rendering users/registrations/new.html.erb within layouts/application
  Rendered users/shared/_links.html.erb (1.2ms)
  Rendered users/registrations/new.html.erb within layouts/application (35.1ms)
Completed 200 OK in 528ms (Views: 526.4ms | ActiveRecord: 0.0ms)


